<?xml version="1.0" encoding="UTF-8"?>
<!-- Generated by org.testng.reporters.JUnitXMLReporter -->
<testsuite ignored="2" hostname="LakshmananSelva" failures="0" tests="4" name="Test" time="0.17" errors="0" timestamp="2025-03-17T13:31:31 IST">
  <testcase classname="com.crm.comcast.configannotation.CreateContactAndCreatecontactwithdate" name="createcontact" time="0.016"/>
  <testcase classname="com.crm.comcast.configannotation.CreateContactAndCreatecontactwithdate" name="createcontactwithdate" time="0.007"/>
  <testcase classname="com.crm.comcast.configannotation.CreateorgAndCreateorgwithIndustries" name="createorg" time="0.004"/>
  <testcase classname="com.crm.comcast.configannotation.CreateorgAndCreateorgwithIndustries" name="createorgwithindustries" time="0.016"/>
  <testcase classname="com.crm.comcast.configannotation.Baseclass" name="@AfterSuite configAS" time="0.0">
    <ignored/>
  </testcase> <!-- @AfterSuite configAS -->
  <testcase classname="com.crm.comcast.configannotation.Baseclass" name="@BeforeSuite configBS" time="0.0">
    <ignored/>
  </testcase> <!-- @BeforeSuite configBS -->
</testsuite> <!-- Test -->
