<?xml version="1.0" encoding="UTF-8"?>
<testng-results ignored="2" total="6" passed="4" failed="0" skipped="0">
  <reporter-output>
  </reporter-output>
  <suite started-at="2025-03-17T13:31:30 IST" name="Suite" finished-at="2025-03-17T13:31:31 IST" duration-ms="170">
    <groups>
    </groups>
    <test started-at="2025-03-17T13:31:30 IST" name="Test" finished-at="2025-03-17T13:31:31 IST" duration-ms="170">
      <class name="com.crm.comcast.configannotation.CreateContactAndCreatecontactwithdate">
        <test-method is-config="true" signature="configBS()[pri:0, instance:com.crm.comcast.configannotation.CreateContactAndCreatecontactwithdate@5a45133e]" started-at="2025-03-17T13:31:30 IST" name="configBS" finished-at="2025-03-17T13:31:30 IST" duration-ms="14" status="PASS">
          <reporter-output>
          </reporter-output>
        </test-method> <!-- configBS -->
        <test-method is-config="true" signature="configBC()[pri:0, instance:com.crm.comcast.configannotation.CreateContactAndCreatecontactwithdate@5a45133e]" started-at="2025-03-17T13:31:30 IST" name="configBC" finished-at="2025-03-17T13:31:30 IST" duration-ms="1" status="PASS">
          <reporter-output>
          </reporter-output>
        </test-method> <!-- configBC -->
        <test-method is-config="true" signature="configBM()[pri:0, instance:com.crm.comcast.configannotation.CreateContactAndCreatecontactwithdate@5a45133e]" started-at="2025-03-17T13:31:30 IST" name="configBM" finished-at="2025-03-17T13:31:30 IST" duration-ms="2" status="PASS">
          <reporter-output>
          </reporter-output>
        </test-method> <!-- configBM -->
        <test-method signature="createcontact()[pri:0, instance:com.crm.comcast.configannotation.CreateContactAndCreatecontactwithdate@5a45133e]" started-at="2025-03-17T13:31:30 IST" name="createcontact" finished-at="2025-03-17T13:31:30 IST" duration-ms="16" status="PASS">
          <reporter-output>
          </reporter-output>
        </test-method> <!-- createcontact -->
        <test-method is-config="true" signature="configAM()[pri:0, instance:com.crm.comcast.configannotation.CreateContactAndCreatecontactwithdate@5a45133e]" started-at="2025-03-17T13:31:30 IST" name="configAM" finished-at="2025-03-17T13:31:30 IST" duration-ms="2" status="PASS">
          <reporter-output>
          </reporter-output>
        </test-method> <!-- configAM -->
        <test-method is-config="true" signature="configBM()[pri:0, instance:com.crm.comcast.configannotation.CreateContactAndCreatecontactwithdate@5a45133e]" started-at="2025-03-17T13:31:30 IST" name="configBM" finished-at="2025-03-17T13:31:30 IST" duration-ms="0" status="PASS">
          <reporter-output>
          </reporter-output>
        </test-method> <!-- configBM -->
        <test-method signature="createcontactwithdate()[pri:0, instance:com.crm.comcast.configannotation.CreateContactAndCreatecontactwithdate@5a45133e]" started-at="2025-03-17T13:31:30 IST" name="createcontactwithdate" finished-at="2025-03-17T13:31:30 IST" duration-ms="7" status="PASS">
          <reporter-output>
          </reporter-output>
        </test-method> <!-- createcontactwithdate -->
        <test-method is-config="true" signature="configAM()[pri:0, instance:com.crm.comcast.configannotation.CreateContactAndCreatecontactwithdate@5a45133e]" started-at="2025-03-17T13:31:30 IST" name="configAM" finished-at="2025-03-17T13:31:30 IST" duration-ms="1" status="PASS">
          <reporter-output>
          </reporter-output>
        </test-method> <!-- configAM -->
        <test-method is-config="true" signature="configAC()[pri:0, instance:com.crm.comcast.configannotation.CreateContactAndCreatecontactwithdate@5a45133e]" started-at="2025-03-17T13:31:30 IST" name="configAC" finished-at="2025-03-17T13:31:30 IST" duration-ms="5" status="PASS">
          <reporter-output>
          </reporter-output>
        </test-method> <!-- configAC -->
        <test-method is-config="true" signature="configAS()[pri:0, instance:com.crm.comcast.configannotation.CreateContactAndCreatecontactwithdate@5a45133e]" started-at="2025-03-17T13:31:31 IST" name="configAS" finished-at="2025-03-17T13:31:31 IST" duration-ms="1" status="PASS">
          <reporter-output>
          </reporter-output>
        </test-method> <!-- configAS -->
      </class> <!-- com.crm.comcast.configannotation.CreateContactAndCreatecontactwithdate -->
      <class name="com.crm.comcast.configannotation.CreateorgAndCreateorgwithIndustries">
        <test-method is-config="true" signature="configBC()[pri:0, instance:com.crm.comcast.configannotation.CreateorgAndCreateorgwithIndustries@2e3967ea]" started-at="2025-03-17T13:31:31 IST" name="configBC" finished-at="2025-03-17T13:31:31 IST" duration-ms="2" status="PASS">
          <reporter-output>
          </reporter-output>
        </test-method> <!-- configBC -->
        <test-method is-config="true" signature="configBM()[pri:0, instance:com.crm.comcast.configannotation.CreateorgAndCreateorgwithIndustries@2e3967ea]" started-at="2025-03-17T13:31:31 IST" name="configBM" finished-at="2025-03-17T13:31:31 IST" duration-ms="1" status="PASS">
          <reporter-output>
          </reporter-output>
        </test-method> <!-- configBM -->
        <test-method signature="createorg()[pri:0, instance:com.crm.comcast.configannotation.CreateorgAndCreateorgwithIndustries@2e3967ea]" started-at="2025-03-17T13:31:31 IST" name="createorg" finished-at="2025-03-17T13:31:31 IST" duration-ms="4" status="PASS">
          <reporter-output>
          </reporter-output>
        </test-method> <!-- createorg -->
        <test-method is-config="true" signature="configAM()[pri:0, instance:com.crm.comcast.configannotation.CreateorgAndCreateorgwithIndustries@2e3967ea]" started-at="2025-03-17T13:31:31 IST" name="configAM" finished-at="2025-03-17T13:31:31 IST" duration-ms="4" status="PASS">
          <reporter-output>
          </reporter-output>
        </test-method> <!-- configAM -->
        <test-method is-config="true" signature="configBM()[pri:0, instance:com.crm.comcast.configannotation.CreateorgAndCreateorgwithIndustries@2e3967ea]" started-at="2025-03-17T13:31:31 IST" name="configBM" finished-at="2025-03-17T13:31:31 IST" duration-ms="2" status="PASS">
          <reporter-output>
          </reporter-output>
        </test-method> <!-- configBM -->
        <test-method signature="createorgwithindustries()[pri:0, instance:com.crm.comcast.configannotation.CreateorgAndCreateorgwithIndustries@2e3967ea]" started-at="2025-03-17T13:31:31 IST" name="createorgwithindustries" finished-at="2025-03-17T13:31:31 IST" duration-ms="16" status="PASS">
          <reporter-output>
          </reporter-output>
        </test-method> <!-- createorgwithindustries -->
        <test-method is-config="true" signature="configAM()[pri:0, instance:com.crm.comcast.configannotation.CreateorgAndCreateorgwithIndustries@2e3967ea]" started-at="2025-03-17T13:31:31 IST" name="configAM" finished-at="2025-03-17T13:31:31 IST" duration-ms="1" status="PASS">
          <reporter-output>
          </reporter-output>
        </test-method> <!-- configAM -->
        <test-method is-config="true" signature="configAC()[pri:0, instance:com.crm.comcast.configannotation.CreateorgAndCreateorgwithIndustries@2e3967ea]" started-at="2025-03-17T13:31:31 IST" name="configAC" finished-at="2025-03-17T13:31:31 IST" duration-ms="1" status="PASS">
          <reporter-output>
          </reporter-output>
        </test-method> <!-- configAC -->
      </class> <!-- com.crm.comcast.configannotation.CreateorgAndCreateorgwithIndustries -->
    </test> <!-- Test -->
  </suite> <!-- Suite -->
</testng-results>
